0 info it worked if it ends with ok
1 verbose cli [ 'node',
1 verbose cli   'C:\\ProgramData\\nodejs\\node_modules\\npm\\bin\\npm-cli.js',
1 verbose cli   'run',
1 verbose cli   'build-chrome' ]
2 info using npm@1.4.9
3 info using node@v0.10.29
4 verbose run-script [ 'prebuild-chrome', 'build-chrome', 'postbuild-chrome' ]
5 info prebuild-chrome tipsy@
6 info build-chrome tipsy@
7 verbose unsafe-perm in lifecycle true
8 info tipsy@ Failed to exec build-chrome script
9 error tipsy@ build-chrome: `grunt chrome-extension`
9 error Exit status 3
10 error Failed at the tipsy@ build-chrome script.
10 error This is most likely a problem with the tipsy package,
10 error not with npm itself.
10 error Tell the author that this fails on your system:
10 error     grunt chrome-extension
10 error You can get their info via:
10 error     npm owner ls tipsy
10 error There is likely additional logging output above.
11 error System Windows_NT 6.1.7600
12 error command "node" "C:\\ProgramData\\nodejs\\node_modules\\npm\\bin\\npm-cli.js" "run" "build-chrome"
13 error cwd C:\Users\Philippe\Documents\My Dropbox\TipsyNew\tipsy
14 error node -v v0.10.29
15 error npm -v 1.4.9
16 error code ELIFECYCLE
17 verbose exit [ 1, true ]
